cl : Command line warning D9028: minimal rebuild failure, reverting to normal build
  Level.cpp
c:\users\rasmus\documents\visual studio 2015\projects\hexstrategy\hex-strategy\hexstrategy\level.cpp(37): warning C4244: 'argument': conversion from 'int' to 'float', possible loss of data
c:\users\rasmus\documents\visual studio 2015\projects\hexstrategy\hex-strategy\hexstrategy\level.cpp(66): warning C4244: '=': conversion from 'unsigned int' to 'float', possible loss of data
c:\users\rasmus\documents\visual studio 2015\projects\hexstrategy\hex-strategy\hexstrategy\level.cpp(67): warning C4244: 'argument': conversion from 'unsigned int' to 'float', possible loss of data
c:\users\rasmus\documents\visual studio 2015\projects\hexstrategy\hex-strategy\hexstrategy\level.cpp(142): warning C4018: '<=': signed/unsigned mismatch
c:\users\rasmus\documents\visual studio 2015\projects\hexstrategy\hex-strategy\hexstrategy\level.cpp(144): warning C4018: '<': signed/unsigned mismatch
c:\users\rasmus\documents\visual studio 2015\projects\hexstrategy\hex-strategy\hexstrategy\level.cpp(146): warning C4018: '<': signed/unsigned mismatch
c:\users\rasmus\documents\visual studio 2015\projects\hexstrategy\hex-strategy\hexstrategy\level.cpp(148): warning C4018: '<=': signed/unsigned mismatch
c:\users\rasmus\documents\visual studio 2015\projects\hexstrategy\hex-strategy\hexstrategy\level.cpp(148): warning C4018: '<': signed/unsigned mismatch
c:\users\rasmus\documents\visual studio 2015\projects\hexstrategy\hex-strategy\hexstrategy\level.cpp(156): warning C4018: '<': signed/unsigned mismatch
c:\users\rasmus\documents\visual studio 2015\projects\hexstrategy\hex-strategy\hexstrategy\level.cpp(158): warning C4018: '<': signed/unsigned mismatch
c:\users\rasmus\documents\visual studio 2015\projects\hexstrategy\hex-strategy\hexstrategy\level.cpp(160): warning C4018: '<': signed/unsigned mismatch
c:\users\rasmus\documents\visual studio 2015\projects\hexstrategy\hex-strategy\hexstrategy\level.cpp(162): warning C4018: '<': signed/unsigned mismatch
c:\users\rasmus\documents\visual studio 2015\projects\hexstrategy\hex-strategy\hexstrategy\level.cpp(322): warning C4244: 'argument': conversion from 'int' to 'float', possible loss of data
c:\users\rasmus\documents\visual studio 2015\projects\hexstrategy\hex-strategy\hexstrategy\level.cpp(361): warning C4244: '=': conversion from 'double' to 'float', possible loss of data
c:\users\rasmus\documents\visual studio 2015\projects\hexstrategy\hex-strategy\hexstrategy\level.cpp(363): warning C4244: '=': conversion from 'double' to 'float', possible loss of data
c:\users\rasmus\documents\visual studio 2015\projects\hexstrategy\hex-strategy\hexstrategy\level.cpp(366): warning C4244: '=': conversion from 'int' to 'float', possible loss of data
c:\users\rasmus\documents\visual studio 2015\projects\hexstrategy\hex-strategy\hexstrategy\level.cpp(368): warning C4244: '=': conversion from 'int' to 'float', possible loss of data
c:\users\rasmus\documents\visual studio 2015\projects\hexstrategy\hex-strategy\hexstrategy\level.cpp(533): warning C4244: 'argument': conversion from 'int' to 'float', possible loss of data
c:\users\rasmus\documents\visual studio 2015\projects\hexstrategy\hex-strategy\hexstrategy\level.cpp(643): warning C4244: 'argument': conversion from 'int' to 'float', possible loss of data
c:\users\rasmus\documents\visual studio 2015\projects\hexstrategy\hex-strategy\hexstrategy\level.cpp(708): warning C4244: 'initializing': conversion from 'double' to 'int', possible loss of data
  HexStrategy.vcxproj -> C:\Users\Rasmus\Documents\Visual Studio 2015\Projects\HexStrategy\Hex-Strategy\Debug\HexStrategy.exe
